Arguments: 
  D:\Program Files\nodejs\node-v12.22.1\node.exe C:\Users\mayon\AppData\Roaming\npm\node_modules\yarn\bin\yarn.js install

PATH: 
  D:\Program Files\apache-maven-3.6.3\bin;D:\Program Files\Java\jdk1.8.0_241\bin;C:\Windows\system32;C:\Windows;C:\Windows\System32\Wbem;C:\Windows\System32\WindowsPowerShell\v1.0\;C:\Windows\System32\OpenSSH\;C:\Program Files (x86)\NVIDIA Corporation\PhysX\Common;C:\Program Files\NVIDIA Corporation\NVIDIA NvDLISR;d:\Program Files\MySQL\MySQL Server 8.0\bin;D:\Program Files\nodejs\node-v12.22.1;D:\Program Files\cmder;D:\Program Files\HashiCorp\Vagrant\bin;C:\Program Files (x86)\Git\cmd;C:\Program Files\TortoiseSVN\bin;C:\WINDOWS\system32;C:\WINDOWS;C:\WINDOWS\System32\Wbem;C:\WINDOWS\System32\WindowsPowerShell\v1.0\;C:\WINDOWS\System32\OpenSSH\;C:\Program Files\OpenVPN\bin;C:\Users\mayon\AppData\Local\Microsoft\WindowsApps;C:\Users\mayon\AppData\Roaming\npm;d:\Program Files\JetBrains\IntelliJ IDEA 2019.3.3\bin;;;D:\Program Files\Microsoft VS Code\bin

Yarn version: 
  1.21.1

Node version: 
  12.22.1

Platform: 
  win32 x64

Trace: 
  Error: ENOENT: no such file or directory, copyfile 'C:\Users\mayon\AppData\Local\Yarn\Cache\v6\npm-ms-2.1.2-d09d1f357b443f493382a8eb3ccd183872ae6009-integrity\node_modules\ms\index.js' -> 'D:\may\vscodeworkspace\YYGH\yygh-site\node_modules\@babel\helper-define-polyfill-provider\node_modules\ms\index.js'

npm manifest: 
  {
    "name": "yygh-site",
    "version": "1.0.0",
    "description": "好医通",
    "author": "may",
    "private": true,
    "scripts": {
      "dev": "nuxt",
      "build": "nuxt build",
      "start": "nuxt start",
      "generate": "nuxt generate",
      "lint": "eslint --ext .js,.vue --ignore-path .gitignore .",
      "precommit": "npm run lint"
    },
    "dependencies": {
      "nuxt": "^2.0.0"
    },
    "devDependencies": {
      "babel-eslint": "^10.0.1",
      "eslint": "^4.19.1",
      "eslint-friendly-formatter": "^4.0.1",
      "eslint-loader": "^2.1.1",
      "eslint-plugin-vue": "^4.0.0"
    }
  }

yarn manifest: 
  No manifest

Lockfile: 
  No lockfile
